
*** Running vivado
    with args -log top_level.vds -m64 -product Vivado -mode batch -messageDb vivado.pb -notrace -source top_level.tcl



****** Vivado v2025.2 (64-bit)
  **** SW Build 6299465 on Fri Nov 14 19:35:11 GMT 2025
  **** IP Build 6300035 on Fri Nov 14 10:48:45 MST 2025
  **** SharedData Build 6298862 on Thu Nov 13 04:50:51 MST 2025
  **** Start of session at: Fri Jun 19 18:51:01 2026
    ** Copyright 1986-2022 Xilinx, Inc. All Rights Reserved.
    ** Copyright 2022-2025 Advanced Micro Devices, Inc. All Rights Reserved.

source top_level.tcl -notrace
create_project: Time (s): cpu = 00:00:16 ; elapsed = 00:00:11 . Memory (MB): peak = 561.398 ; gain = 253.516
Command: read_checkpoint -auto_incremental -incremental D:/Facultad/Arquitectura/tps/TP_Final/TP_Final.srcs/utils_1/imports/synth_1/top_level.dcp
INFO: [Vivado 12-5825] Read reference checkpoint from D:/Facultad/Arquitectura/tps/TP_Final/TP_Final.srcs/utils_1/imports/synth_1/top_level.dcp for incremental synthesis
INFO: [Vivado 12-7989] Please ensure there are no constraint changes
Command: synth_design -top top_level -part xc7a35tcpg236-1
Starting synth_design
Attempting to get a license for feature 'Synthesis' and/or device 'xc7a35t'
INFO: [Common 17-349] Got license for feature 'Synthesis' and/or device 'xc7a35t'
INFO: [Device 21-403] Loading part xc7a35tcpg236-1
INFO: [Designutils 20-5440] No compile time benefit to using incremental synthesis; A full resynthesis will be run
INFO: [Designutils 20-4379] Flow is switching to default flow due to incremental criteria not met. If you would like to alter this behaviour and have the flow terminate instead, please set the following parameter config_implementation {autoIncr.Synth.RejectBehavior Terminate}
INFO: [Synth 8-7079] Multithreading enabled for synth_design using a maximum of 2 processes.
INFO: [Synth 8-7078] Launching helper process for spawning children vivado processes
INFO: [Synth 8-7075] Helper process launched with PID 14228
---------------------------------------------------------------------------------
Starting RTL Elaboration : Time (s): cpu = 00:00:08 ; elapsed = 00:00:09 . Memory (MB): peak = 1305.215 ; gain = 541.387
---------------------------------------------------------------------------------
INFO: [Synth 8-6157] synthesizing module 'top_level' [D:/Facultad/Arquitectura/tps/TP_Final/TP_Final.srcs/sources_1/new/top_level.v:3]
INFO: [Synth 8-6157] synthesizing module 'clk_wiz_0' [D:/Facultad/Arquitectura/tps/TP_Final/TP_Final.runs/synth_1/.Xil/Vivado-10172-DESKTOP-AQLK3PK/realtime/clk_wiz_0_stub.v:6]
INFO: [Synth 8-6155] done synthesizing module 'clk_wiz_0' (0#1) [D:/Facultad/Arquitectura/tps/TP_Final/TP_Final.runs/synth_1/.Xil/Vivado-10172-DESKTOP-AQLK3PK/realtime/clk_wiz_0_stub.v:6]
INFO: [Synth 8-6157] synthesizing module 'riscv_pipeline_top' [D:/Facultad/Arquitectura/tps/TP_Final/TP_Final.srcs/sources_1/new/riscv_pipeline_top.v:3]
	Parameter IMEM_DEPTH bound to: 256 - type: integer 
	Parameter IMEM_ADDR_WIDTH bound to: 8 - type: integer 
	Parameter DATA_MEM_ADDR_WIDTH bound to: 8 - type: integer 
INFO: [Synth 8-6157] synthesizing module 'if_stage' [D:/Facultad/Arquitectura/tps/TP_Final/TP_Final.srcs/sources_1/new/if_stage.v:3]
	Parameter IMEM_DEPTH bound to: 256 - type: integer 
	Parameter IMEM_ADDR_WIDTH bound to: 8 - type: integer 
INFO: [Synth 8-6157] synthesizing module 'program_counter' [D:/Facultad/Arquitectura/tps/TP_Final/TP_Final.srcs/sources_1/new/programCounter.v:3]
INFO: [Synth 8-6155] done synthesizing module 'program_counter' (0#1) [D:/Facultad/Arquitectura/tps/TP_Final/TP_Final.srcs/sources_1/new/programCounter.v:3]
INFO: [Synth 8-6157] synthesizing module 'instruction_memory' [D:/Facultad/Arquitectura/tps/TP_Final/TP_Final.srcs/sources_1/new/instruction_memory.v:3]
	Parameter DEPTH bound to: 256 - type: integer 
	Parameter ADDR_WIDTH bound to: 8 - type: integer 
INFO: [Synth 8-6155] done synthesizing module 'instruction_memory' (0#1) [D:/Facultad/Arquitectura/tps/TP_Final/TP_Final.srcs/sources_1/new/instruction_memory.v:3]
INFO: [Synth 8-6155] done synthesizing module 'if_stage' (0#1) [D:/Facultad/Arquitectura/tps/TP_Final/TP_Final.srcs/sources_1/new/if_stage.v:3]
INFO: [Synth 8-6157] synthesizing module 'if_id_latch' [D:/Facultad/Arquitectura/tps/TP_Final/TP_Final.srcs/sources_1/new/if_id_latch.v:3]
INFO: [Synth 8-6155] done synthesizing module 'if_id_latch' (0#1) [D:/Facultad/Arquitectura/tps/TP_Final/TP_Final.srcs/sources_1/new/if_id_latch.v:3]
INFO: [Synth 8-6157] synthesizing module 'id_stage' [D:/Facultad/Arquitectura/tps/TP_Final/TP_Final.srcs/sources_1/new/id_stage.v:1]
INFO: [Synth 8-6157] synthesizing module 'reg_file' [D:/Facultad/Arquitectura/tps/TP_Final/TP_Final.srcs/sources_1/new/reg_file.v:3]
INFO: [Synth 8-6155] done synthesizing module 'reg_file' (0#1) [D:/Facultad/Arquitectura/tps/TP_Final/TP_Final.srcs/sources_1/new/reg_file.v:3]
INFO: [Synth 8-6157] synthesizing module 'imm_gen' [D:/Facultad/Arquitectura/tps/TP_Final/TP_Final.srcs/sources_1/new/imm_gen.v:1]
INFO: [Synth 8-6155] done synthesizing module 'imm_gen' (0#1) [D:/Facultad/Arquitectura/tps/TP_Final/TP_Final.srcs/sources_1/new/imm_gen.v:1]
INFO: [Synth 8-6157] synthesizing module 'control_unit' [D:/Facultad/Arquitectura/tps/TP_Final/TP_Final.srcs/sources_1/new/control_unit.v:1]
INFO: [Synth 8-6155] done synthesizing module 'control_unit' (0#1) [D:/Facultad/Arquitectura/tps/TP_Final/TP_Final.srcs/sources_1/new/control_unit.v:1]
INFO: [Synth 8-6155] done synthesizing module 'id_stage' (0#1) [D:/Facultad/Arquitectura/tps/TP_Final/TP_Final.srcs/sources_1/new/id_stage.v:1]
INFO: [Synth 8-6157] synthesizing module 'hazard_detection_unit' [D:/Facultad/Arquitectura/tps/TP_Final/TP_Final.srcs/sources_1/new/hazard_detection_unit.v:3]
INFO: [Synth 8-6155] done synthesizing module 'hazard_detection_unit' (0#1) [D:/Facultad/Arquitectura/tps/TP_Final/TP_Final.srcs/sources_1/new/hazard_detection_unit.v:3]
INFO: [Synth 8-6157] synthesizing module 'id_ex_latch' [D:/Facultad/Arquitectura/tps/TP_Final/TP_Final.srcs/sources_1/new/id_ex_latch.v:1]
INFO: [Synth 8-6155] done synthesizing module 'id_ex_latch' (0#1) [D:/Facultad/Arquitectura/tps/TP_Final/TP_Final.srcs/sources_1/new/id_ex_latch.v:1]
INFO: [Synth 8-6157] synthesizing module 'forwarding_unit' [D:/Facultad/Arquitectura/tps/TP_Final/TP_Final.srcs/sources_1/new/forwarding_unit.v:1]
INFO: [Synth 8-6155] done synthesizing module 'forwarding_unit' (0#1) [D:/Facultad/Arquitectura/tps/TP_Final/TP_Final.srcs/sources_1/new/forwarding_unit.v:1]
INFO: [Synth 8-6157] synthesizing module 'ex_stage' [D:/Facultad/Arquitectura/tps/TP_Final/TP_Final.srcs/sources_1/new/ex_stage.v:1]
INFO: [Synth 8-6157] synthesizing module 'alu_control' [D:/Facultad/Arquitectura/tps/TP_Final/TP_Final.srcs/sources_1/new/alu_control.v:1]
INFO: [Synth 8-226] default block is never used [D:/Facultad/Arquitectura/tps/TP_Final/TP_Final.srcs/sources_1/new/alu_control.v:49]
INFO: [Synth 8-6155] done synthesizing module 'alu_control' (0#1) [D:/Facultad/Arquitectura/tps/TP_Final/TP_Final.srcs/sources_1/new/alu_control.v:1]
INFO: [Synth 8-6157] synthesizing module 'alu' [D:/Facultad/Arquitectura/tps/TP_Final/TP_Final.srcs/sources_1/new/alu.v:1]
INFO: [Synth 8-6155] done synthesizing module 'alu' (0#1) [D:/Facultad/Arquitectura/tps/TP_Final/TP_Final.srcs/sources_1/new/alu.v:1]
INFO: [Synth 8-6155] done synthesizing module 'ex_stage' (0#1) [D:/Facultad/Arquitectura/tps/TP_Final/TP_Final.srcs/sources_1/new/ex_stage.v:1]
INFO: [Synth 8-6157] synthesizing module 'ex_mem_latch' [D:/Facultad/Arquitectura/tps/TP_Final/TP_Final.srcs/sources_1/new/ex_mem_latch.v:1]
INFO: [Synth 8-6155] done synthesizing module 'ex_mem_latch' (0#1) [D:/Facultad/Arquitectura/tps/TP_Final/TP_Final.srcs/sources_1/new/ex_mem_latch.v:1]
INFO: [Synth 8-6157] synthesizing module 'mem_stage' [D:/Facultad/Arquitectura/tps/TP_Final/TP_Final.srcs/sources_1/new/mem_stage.v:1]
	Parameter DATA_MEM_ADDR_WIDTH bound to: 8 - type: integer 
INFO: [Synth 8-6157] synthesizing module 'data_memory' [D:/Facultad/Arquitectura/tps/TP_Final/TP_Final.srcs/sources_1/new/data_memory.v:1]
	Parameter ADDR_WIDTH bound to: 8 - type: integer 
INFO: [Synth 8-6155] done synthesizing module 'data_memory' (0#1) [D:/Facultad/Arquitectura/tps/TP_Final/TP_Final.srcs/sources_1/new/data_memory.v:1]
INFO: [Synth 8-6155] done synthesizing module 'mem_stage' (0#1) [D:/Facultad/Arquitectura/tps/TP_Final/TP_Final.srcs/sources_1/new/mem_stage.v:1]
INFO: [Synth 8-6157] synthesizing module 'mem_wb_latch' [D:/Facultad/Arquitectura/tps/TP_Final/TP_Final.srcs/sources_1/new/mem_wb_latch.v:3]
INFO: [Synth 8-6155] done synthesizing module 'mem_wb_latch' (0#1) [D:/Facultad/Arquitectura/tps/TP_Final/TP_Final.srcs/sources_1/new/mem_wb_latch.v:3]
INFO: [Synth 8-6157] synthesizing module 'wb_stage' [D:/Facultad/Arquitectura/tps/TP_Final/TP_Final.srcs/sources_1/new/wb_stage.v:3]
INFO: [Synth 8-6155] done synthesizing module 'wb_stage' (0#1) [D:/Facultad/Arquitectura/tps/TP_Final/TP_Final.srcs/sources_1/new/wb_stage.v:3]
INFO: [Synth 8-6155] done synthesizing module 'riscv_pipeline_top' (0#1) [D:/Facultad/Arquitectura/tps/TP_Final/TP_Final.srcs/sources_1/new/riscv_pipeline_top.v:3]
INFO: [Synth 8-6157] synthesizing module 'debug_unit' [D:/Facultad/Arquitectura/tps/TP_Final/TP_Final.srcs/sources_1/new/debug_unit.v:3]
	Parameter CLK_FREQ bound to: 100000000 - type: integer 
	Parameter BAUD_RATE bound to: 115200 - type: integer 
	Parameter DATA_MEM_ADDR_WIDTH bound to: 8 - type: integer 
INFO: [Synth 8-6157] synthesizing module 'uart_rx' [D:/Facultad/Arquitectura/tps/TP_Final/TP_Final.srcs/sources_1/new/uart_rx.v:3]
	Parameter CLK_FREQ bound to: 100000000 - type: integer 
	Parameter BAUD_RATE bound to: 115200 - type: integer 
INFO: [Synth 8-226] default block is never used [D:/Facultad/Arquitectura/tps/TP_Final/TP_Final.srcs/sources_1/new/uart_rx.v:54]
INFO: [Synth 8-6155] done synthesizing module 'uart_rx' (0#1) [D:/Facultad/Arquitectura/tps/TP_Final/TP_Final.srcs/sources_1/new/uart_rx.v:3]
INFO: [Synth 8-6157] synthesizing module 'uart_tx' [D:/Facultad/Arquitectura/tps/TP_Final/TP_Final.srcs/sources_1/new/uart_tx.v:3]
	Parameter CLK_FREQ bound to: 100000000 - type: integer 
	Parameter BAUD_RATE bound to: 115200 - type: integer 
INFO: [Synth 8-226] default block is never used [D:/Facultad/Arquitectura/tps/TP_Final/TP_Final.srcs/sources_1/new/uart_tx.v:39]
INFO: [Synth 8-6155] done synthesizing module 'uart_tx' (0#1) [D:/Facultad/Arquitectura/tps/TP_Final/TP_Final.srcs/sources_1/new/uart_tx.v:3]
INFO: [Synth 8-6155] done synthesizing module 'debug_unit' (0#1) [D:/Facultad/Arquitectura/tps/TP_Final/TP_Final.srcs/sources_1/new/debug_unit.v:3]
INFO: [Synth 8-6155] done synthesizing module 'top_level' (0#1) [D:/Facultad/Arquitectura/tps/TP_Final/TP_Final.srcs/sources_1/new/top_level.v:3]
WARNING: [Synth 8-7129] Port pipe_halted in module debug_unit is either unconnected or has no load
WARNING: [Synth 8-7129] Port debug_addr[1] in module data_memory is either unconnected or has no load
WARNING: [Synth 8-7129] Port debug_addr[0] in module data_memory is either unconnected or has no load
WARNING: [Synth 8-7129] Port ex_rs1[4] in module ex_stage is either unconnected or has no load
WARNING: [Synth 8-7129] Port ex_rs1[3] in module ex_stage is either unconnected or has no load
WARNING: [Synth 8-7129] Port ex_rs1[2] in module ex_stage is either unconnected or has no load
WARNING: [Synth 8-7129] Port ex_rs1[1] in module ex_stage is either unconnected or has no load
WARNING: [Synth 8-7129] Port ex_rs1[0] in module ex_stage is either unconnected or has no load
WARNING: [Synth 8-7129] Port ex_rs2[4] in module ex_stage is either unconnected or has no load
WARNING: [Synth 8-7129] Port ex_rs2[3] in module ex_stage is either unconnected or has no load
WARNING: [Synth 8-7129] Port ex_rs2[2] in module ex_stage is either unconnected or has no load
WARNING: [Synth 8-7129] Port ex_rs2[1] in module ex_stage is either unconnected or has no load
WARNING: [Synth 8-7129] Port ex_rs2[0] in module ex_stage is either unconnected or has no load
WARNING: [Synth 8-7129] Port addr[31] in module instruction_memory is either unconnected or has no load
WARNING: [Synth 8-7129] Port addr[30] in module instruction_memory is either unconnected or has no load
WARNING: [Synth 8-7129] Port addr[29] in module instruction_memory is either unconnected or has no load
WARNING: [Synth 8-7129] Port addr[28] in module instruction_memory is either unconnected or has no load
WARNING: [Synth 8-7129] Port addr[27] in module instruction_memory is either unconnected or has no load
WARNING: [Synth 8-7129] Port addr[26] in module instruction_memory is either unconnected or has no load
WARNING: [Synth 8-7129] Port addr[25] in module instruction_memory is either unconnected or has no load
WARNING: [Synth 8-7129] Port addr[24] in module instruction_memory is either unconnected or has no load
WARNING: [Synth 8-7129] Port addr[23] in module instruction_memory is either unconnected or has no load
WARNING: [Synth 8-7129] Port addr[22] in module instruction_memory is either unconnected or has no load
WARNING: [Synth 8-7129] Port addr[21] in module instruction_memory is either unconnected or has no load
WARNING: [Synth 8-7129] Port addr[20] in module instruction_memory is either unconnected or has no load
WARNING: [Synth 8-7129] Port addr[19] in module instruction_memory is either unconnected or has no load
WARNING: [Synth 8-7129] Port addr[18] in module instruction_memory is either unconnected or has no load
WARNING: [Synth 8-7129] Port addr[17] in module instruction_memory is either unconnected or has no load
WARNING: [Synth 8-7129] Port addr[16] in module instruction_memory is either unconnected or has no load
WARNING: [Synth 8-7129] Port addr[15] in module instruction_memory is either unconnected or has no load
WARNING: [Synth 8-7129] Port addr[14] in module instruction_memory is either unconnected or has no load
WARNING: [Synth 8-7129] Port addr[13] in module instruction_memory is either unconnected or has no load
WARNING: [Synth 8-7129] Port addr[12] in module instruction_memory is either unconnected or has no load
WARNING: [Synth 8-7129] Port addr[11] in module instruction_memory is either unconnected or has no load
WARNING: [Synth 8-7129] Port addr[10] in module instruction_memory is either unconnected or has no load
WARNING: [Synth 8-7129] Port prog_addr[31] in module instruction_memory is either unconnected or has no load
WARNING: [Synth 8-7129] Port prog_addr[30] in module instruction_memory is either unconnected or has no load
WARNING: [Synth 8-7129] Port prog_addr[29] in module instruction_memory is either unconnected or has no load
WARNING: [Synth 8-7129] Port prog_addr[28] in module instruction_memory is either unconnected or has no load
WARNING: [Synth 8-7129] Port prog_addr[27] in module instruction_memory is either unconnected or has no load
WARNING: [Synth 8-7129] Port prog_addr[26] in module instruction_memory is either unconnected or has no load
WARNING: [Synth 8-7129] Port prog_addr[25] in module instruction_memory is either unconnected or has no load
WARNING: [Synth 8-7129] Port prog_addr[24] in module instruction_memory is either unconnected or has no load
WARNING: [Synth 8-7129] Port prog_addr[23] in module instruction_memory is either unconnected or has no load
WARNING: [Synth 8-7129] Port prog_addr[22] in module instruction_memory is either unconnected or has no load
WARNING: [Synth 8-7129] Port prog_addr[21] in module instruction_memory is either unconnected or has no load
WARNING: [Synth 8-7129] Port prog_addr[20] in module instruction_memory is either unconnected or has no load
WARNING: [Synth 8-7129] Port prog_addr[19] in module instruction_memory is either unconnected or has no load
WARNING: [Synth 8-7129] Port prog_addr[18] in module instruction_memory is either unconnected or has no load
WARNING: [Synth 8-7129] Port prog_addr[17] in module instruction_memory is either unconnected or has no load
WARNING: [Synth 8-7129] Port prog_addr[16] in module instruction_memory is either unconnected or has no load
WARNING: [Synth 8-7129] Port prog_addr[15] in module instruction_memory is either unconnected or has no load
WARNING: [Synth 8-7129] Port prog_addr[14] in module instruction_memory is either unconnected or has no load
WARNING: [Synth 8-7129] Port prog_addr[13] in module instruction_memory is either unconnected or has no load
WARNING: [Synth 8-7129] Port prog_addr[12] in module instruction_memory is either unconnected or has no load
WARNING: [Synth 8-7129] Port prog_addr[11] in module instruction_memory is either unconnected or has no load
WARNING: [Synth 8-7129] Port prog_addr[10] in module instruction_memory is either unconnected or has no load
---------------------------------------------------------------------------------
Finished RTL Elaboration : Time (s): cpu = 00:00:15 ; elapsed = 00:00:15 . Memory (MB): peak = 1636.906 ; gain = 873.078
---------------------------------------------------------------------------------
---------------------------------------------------------------------------------
Start Handling Custom Attributes
---------------------------------------------------------------------------------
---------------------------------------------------------------------------------
Finished Handling Custom Attributes : Time (s): cpu = 00:00:15 ; elapsed = 00:00:16 . Memory (MB): peak = 1636.906 ; gain = 873.078
---------------------------------------------------------------------------------
---------------------------------------------------------------------------------
Finished RTL Optimization Phase 1 : Time (s): cpu = 00:00:15 ; elapsed = 00:00:16 . Memory (MB): peak = 1636.906 ; gain = 873.078
---------------------------------------------------------------------------------
Netlist sorting complete. Time (s): cpu = 00:00:01 ; elapsed = 00:00:00.418 . Memory (MB): peak = 1636.906 ; gain = 0.000
INFO: [Project 1-570] Preparing netlist for logic optimization

Processing XDC Constraints
Initializing timing engine
Parsing XDC File [d:/Facultad/Arquitectura/tps/TP_Final/TP_Final.gen/sources_1/ip/clk_wiz_0/clk_wiz_0/clk_wiz_0_in_context.xdc] for cell 'u_clk_wiz'
Finished Parsing XDC File [d:/Facultad/Arquitectura/tps/TP_Final/TP_Final.gen/sources_1/ip/clk_wiz_0/clk_wiz_0/clk_wiz_0_in_context.xdc] for cell 'u_clk_wiz'
Parsing XDC File [D:/Facultad/Arquitectura/tps/TP_Final/TP_Final.srcs/constrs_1/new/Basys3.xdc]
Finished Parsing XDC File [D:/Facultad/Arquitectura/tps/TP_Final/TP_Final.srcs/constrs_1/new/Basys3.xdc]
INFO: [Project 1-236] Implementation specific constraints were found while reading constraint file [D:/Facultad/Arquitectura/tps/TP_Final/TP_Final.srcs/constrs_1/new/Basys3.xdc]. These constraints will be ignored for synthesis but will be used in implementation. Impacted constraints are listed in the file [.Xil/top_level_propImpl.xdc].
Resolution: To avoid this warning, move constraints listed in [.Xil/top_level_propImpl.xdc] to another XDC file and exclude this new file from synthesis with the used_in_synthesis property (File Properties dialog in GUI) and re-run elaboration/synthesis.
Completed Processing XDC Constraints

Netlist sorting complete. Time (s): cpu = 00:00:00 ; elapsed = 00:00:00.009 . Memory (MB): peak = 1729.691 ; gain = 0.000
INFO: [Project 1-111] Unisim Transformation Summary:
No Unisim elements were transformed.

Constraint Validation Runtime : Time (s): cpu = 00:00:00 ; elapsed = 00:00:00.151 . Memory (MB): peak = 1729.691 ; gain = 0.000
INFO: [Designutils 20-5440] No compile time benefit to using incremental synthesis; A full resynthesis will be run
INFO: [Designutils 20-4379] Flow is switching to default flow due to incremental criteria not met. If you would like to alter this behaviour and have the flow terminate instead, please set the following parameter config_implementation {autoIncr.Synth.RejectBehavior Terminate}
---------------------------------------------------------------------------------
Finished Constraint Validation : Time (s): cpu = 00:00:32 ; elapsed = 00:00:33 . Memory (MB): peak = 1729.691 ; gain = 965.863
---------------------------------------------------------------------------------
---------------------------------------------------------------------------------
Start Loading Part and Timing Information
---------------------------------------------------------------------------------
Loading part: xc7a35tcpg236-1
---------------------------------------------------------------------------------
Finished Loading Part and Timing Information : Time (s): cpu = 00:00:32 ; elapsed = 00:00:33 . Memory (MB): peak = 1729.691 ; gain = 965.863
---------------------------------------------------------------------------------
---------------------------------------------------------------------------------
Start Applying 'set_property' XDC Constraints
---------------------------------------------------------------------------------
---------------------------------------------------------------------------------
Finished applying 'set_property' XDC Constraints : Time (s): cpu = 00:00:32 ; elapsed = 00:00:33 . Memory (MB): peak = 1729.691 ; gain = 965.863
---------------------------------------------------------------------------------
INFO: [Synth 8-802] inferred FSM for state register 'state_reg' in module 'uart_rx'
INFO: [Synth 8-802] inferred FSM for state register 'state_reg' in module 'uart_tx'
---------------------------------------------------------------------------------------------------
                   State |                     New Encoding |                Previous Encoding 
---------------------------------------------------------------------------------------------------
                  S_IDLE |                               00 |                               00
                 S_START |                               01 |                               01
                  S_DATA |                               10 |                               10
                  S_STOP |                               11 |                               11
---------------------------------------------------------------------------------------------------
INFO: [Synth 8-3354] encoded FSM with state register 'state_reg' using encoding 'sequential' in module 'uart_rx'
---------------------------------------------------------------------------------------------------
                   State |                     New Encoding |                Previous Encoding 
---------------------------------------------------------------------------------------------------
                  S_IDLE |                               00 |                               00
                 S_START |                               01 |                               01
                  S_DATA |                               10 |                               10
                  S_STOP |                               11 |                               11
---------------------------------------------------------------------------------------------------
INFO: [Synth 8-3354] encoded FSM with state register 'state_reg' using encoding 'sequential' in module 'uart_tx'
---------------------------------------------------------------------------------
Finished RTL Optimization Phase 2 : Time (s): cpu = 00:00:51 ; elapsed = 00:00:54 . Memory (MB): peak = 1729.691 ; gain = 965.863
---------------------------------------------------------------------------------
---------------------------------------------------------------------------------
Start RTL Component Statistics 
---------------------------------------------------------------------------------
Detailed RTL Component Info : 
+---Adders : 
	   2 Input   32 Bit       Adders := 4     
	   3 Input   32 Bit       Adders := 1     
	   2 Input   16 Bit       Adders := 4     
	   2 Input    6 Bit       Adders := 1     
	   2 Input    5 Bit       Adders := 2     
	   2 Input    3 Bit       Adders := 2     
+---XORs : 
	   2 Input     32 Bit         XORs := 1     
+---Registers : 
	               32 Bit    Registers := 54    
	               16 Bit    Registers := 7     
	                8 Bit    Registers := 262   
	                7 Bit    Registers := 2     
	                6 Bit    Registers := 1     
	                5 Bit    Registers := 9     
	                3 Bit    Registers := 4     
	                2 Bit    Registers := 4     
	                1 Bit    Registers := 35    
+---RAMs : 
	               8K Bit	(256 X 32 bit)          RAMs := 1     
+---Muxes : 
	   2 Input   32 Bit        Muxes := 16    
	   3 Input   32 Bit        Muxes := 2     
	   2 Input   16 Bit        Muxes := 1     
	   4 Input   16 Bit        Muxes := 2     
	  23 Input   16 Bit        Muxes := 2     
	   2 Input    8 Bit        Muxes := 891   
	   3 Input    8 Bit        Muxes := 95    
	   4 Input    8 Bit        Muxes := 6     
	  23 Input    6 Bit        Muxes := 1     
	   2 Input    5 Bit        Muxes := 5     
	  23 Input    5 Bit        Muxes := 3     
	   4 Input    5 Bit        Muxes := 1     
	   8 Input    4 Bit        Muxes := 1     
	   2 Input    3 Bit        Muxes := 3     
	   4 Input    3 Bit        Muxes := 2     
	   2 Input    2 Bit        Muxes := 3     
	   4 Input    2 Bit        Muxes := 6     
	   2 Input    1 Bit        Muxes := 943   
	   3 Input    1 Bit        Muxes := 119   
	   4 Input    1 Bit        Muxes := 12    
	  23 Input    1 Bit        Muxes := 7     
	   9 Input    1 Bit        Muxes := 4     
---------------------------------------------------------------------------------
Finished RTL Component Statistics 
---------------------------------------------------------------------------------
---------------------------------------------------------------------------------
Start Part Resource Summary
---------------------------------------------------------------------------------
Part Resources:
DSPs: 90 (col length:60)
BRAMs: 100 (col length: RAMB18 60 RAMB36 30)
---------------------------------------------------------------------------------
Finished Part Resource Summary
---------------------------------------------------------------------------------
---------------------------------------------------------------------------------
Start Cross Boundary and Area Optimization
---------------------------------------------------------------------------------
---------------------------------------------------------------------------------
Finished Cross Boundary and Area Optimization : Time (s): cpu = 00:02:29 ; elapsed = 00:02:35 . Memory (MB): peak = 2009.613 ; gain = 1245.785
---------------------------------------------------------------------------------
---------------------------------------------------------------------------------
Start ROM, RAM, DSP, Shift Register and Retiming Reporting
---------------------------------------------------------------------------------

Distributed RAM: Preliminary Mapping Report (see note below)
+-------------------------+--------------+-----------+----------------------+--------------+
|Module Name              | RTL Object   | Inference | Size (Depth x Width) | Primitives   | 
+-------------------------+--------------+-----------+----------------------+--------------+
|u_pipelinei_5/u_if_stage | imem/mem_reg | Implied   | 256 x 32             | RAM64M x 44  | 
+-------------------------+--------------+-----------+----------------------+--------------+

Note: The table above is a preliminary report that shows the Distributed RAMs at the current stage of the synthesis flow. Some Distributed RAMs may be reimplemented as non Distributed RAM primitives later in the synthesis flow. Multiple instantiated RAMs are reported only once.
---------------------------------------------------------------------------------
Finished ROM, RAM, DSP, Shift Register and Retiming Reporting
---------------------------------------------------------------------------------
---------------------------------------------------------------------------------
Start Applying XDC Timing Constraints
---------------------------------------------------------------------------------
---------------------------------------------------------------------------------
Finished Applying XDC Timing Constraints : Time (s): cpu = 00:02:37 ; elapsed = 00:02:43 . Memory (MB): peak = 2009.613 ; gain = 1245.785
---------------------------------------------------------------------------------
---------------------------------------------------------------------------------
Start Timing Optimization
---------------------------------------------------------------------------------
---------------------------------------------------------------------------------
Finished Timing Optimization : Time (s): cpu = 00:03:33 ; elapsed = 00:03:39 . Memory (MB): peak = 2217.898 ; gain = 1454.070
---------------------------------------------------------------------------------
---------------------------------------------------------------------------------
Start ROM, RAM, DSP, Shift Register and Retiming Reporting
---------------------------------------------------------------------------------

Distributed RAM: Final Mapping Report
+-------------------------+--------------+-----------+----------------------+--------------+
|Module Name              | RTL Object   | Inference | Size (Depth x Width) | Primitives   | 
+-------------------------+--------------+-----------+----------------------+--------------+
|u_pipelinei_5/u_if_stage | imem/mem_reg | Implied   | 256 x 32             | RAM64M x 44  | 
+-------------------------+--------------+-----------+----------------------+--------------+

---------------------------------------------------------------------------------
Finished ROM, RAM, DSP, Shift Register and Retiming Reporting
---------------------------------------------------------------------------------
---------------------------------------------------------------------------------
Start Technology Mapping
---------------------------------------------------------------------------------
---------------------------------------------------------------------------------
Finished Technology Mapping : Time (s): cpu = 00:03:41 ; elapsed = 00:03:48 . Memory (MB): peak = 2217.898 ; gain = 1454.070
---------------------------------------------------------------------------------
---------------------------------------------------------------------------------
Start IO Insertion
---------------------------------------------------------------------------------
---------------------------------------------------------------------------------
Start Flattening Before IO Insertion
---------------------------------------------------------------------------------
---------------------------------------------------------------------------------
Finished Flattening Before IO Insertion
---------------------------------------------------------------------------------
---------------------------------------------------------------------------------
Start Final Netlist Cleanup
---------------------------------------------------------------------------------
---------------------------------------------------------------------------------
Finished Final Netlist Cleanup
---------------------------------------------------------------------------------
---------------------------------------------------------------------------------
Finished IO Insertion : Time (s): cpu = 00:03:48 ; elapsed = 00:03:55 . Memory (MB): peak = 2217.898 ; gain = 1454.070
---------------------------------------------------------------------------------
---------------------------------------------------------------------------------
Start Renaming Generated Instances
---------------------------------------------------------------------------------
---------------------------------------------------------------------------------
Finished Renaming Generated Instances : Time (s): cpu = 00:03:48 ; elapsed = 00:03:55 . Memory (MB): peak = 2217.898 ; gain = 1454.070
---------------------------------------------------------------------------------
---------------------------------------------------------------------------------
Start Rebuilding User Hierarchy
---------------------------------------------------------------------------------
---------------------------------------------------------------------------------
Finished Rebuilding User Hierarchy : Time (s): cpu = 00:03:50 ; elapsed = 00:03:56 . Memory (MB): peak = 2217.898 ; gain = 1454.070
---------------------------------------------------------------------------------
---------------------------------------------------------------------------------
Start Renaming Generated Ports
---------------------------------------------------------------------------------
---------------------------------------------------------------------------------
Finished Renaming Generated Ports : Time (s): cpu = 00:03:50 ; elapsed = 00:03:56 . Memory (MB): peak = 2217.898 ; gain = 1454.070
---------------------------------------------------------------------------------
---------------------------------------------------------------------------------
Start Handling Custom Attributes
---------------------------------------------------------------------------------
---------------------------------------------------------------------------------
Finished Handling Custom Attributes : Time (s): cpu = 00:03:52 ; elapsed = 00:03:58 . Memory (MB): peak = 2217.898 ; gain = 1454.070
---------------------------------------------------------------------------------
---------------------------------------------------------------------------------
Start Renaming Generated Nets
---------------------------------------------------------------------------------
---------------------------------------------------------------------------------
Finished Renaming Generated Nets : Time (s): cpu = 00:03:52 ; elapsed = 00:03:58 . Memory (MB): peak = 2217.898 ; gain = 1454.070
---------------------------------------------------------------------------------
---------------------------------------------------------------------------------
Start Writing Synthesis Report
---------------------------------------------------------------------------------

Report BlackBoxes: 
+------+--------------+----------+
|      |BlackBox name |Instances |
+------+--------------+----------+
|1     |clk_wiz_0     |         1|
+------+--------------+----------+

Report Cell Usage: 
+------+--------+------+
|      |Cell    |Count |
+------+--------+------+
|1     |clk_wiz |     1|
|2     |CARRY4  |    70|
|3     |LUT1    |    19|
|4     |LUT2    |   283|
|5     |LUT3    |  1014|
|6     |LUT4    |   372|
|7     |LUT5    |   886|
|8     |LUT6    |  6816|
|9     |MUXF7   |   747|
|10    |MUXF8   |   247|
|11    |RAM64M  |    44|
|12    |FDCE    |   105|
|13    |FDRE    |  3988|
|14    |FDSE    |     6|
|15    |IBUF    |     2|
|16    |OBUF    |     1|
+------+--------+------+
---------------------------------------------------------------------------------
Finished Writing Synthesis Report : Time (s): cpu = 00:03:52 ; elapsed = 00:03:59 . Memory (MB): peak = 2217.898 ; gain = 1454.070
---------------------------------------------------------------------------------
Synthesis finished with 0 errors, 0 critical warnings and 0 warnings.
Synthesis Optimization Runtime : Time (s): cpu = 00:03:29 ; elapsed = 00:03:51 . Memory (MB): peak = 2217.898 ; gain = 1361.285
Synthesis Optimization Complete : Time (s): cpu = 00:03:52 ; elapsed = 00:03:59 . Memory (MB): peak = 2217.898 ; gain = 1454.070
INFO: [Project 1-571] Translating synthesized netlist
Netlist sorting complete. Time (s): cpu = 00:00:01 ; elapsed = 00:00:00.319 . Memory (MB): peak = 2217.898 ; gain = 0.000
INFO: [Netlist 29-17] Analyzing 1108 Unisim elements for replacement
INFO: [Netlist 29-28] Unisim Transformation completed in 0 CPU seconds
INFO: [Project 1-570] Preparing netlist for logic optimization
INFO: [Opt 31-138] Pushed 0 inverter(s) to 0 load pin(s).
Netlist sorting complete. Time (s): cpu = 00:00:00 ; elapsed = 00:00:00.009 . Memory (MB): peak = 2217.898 ; gain = 0.000
INFO: [Project 1-111] Unisim Transformation Summary:
  A total of 44 instances were transformed.
  RAM64M => RAM64M (RAMD64E(x4)): 44 instances

Synth Design complete | Checksum: 2a6bc636
INFO: [Common 17-83] Releasing license: Synthesis
78 Infos, 57 Warnings, 0 Critical Warnings and 0 Errors encountered.
synth_design completed successfully
synth_design: Time (s): cpu = 00:04:03 ; elapsed = 00:04:12 . Memory (MB): peak = 2217.898 ; gain = 1643.273
Write ShapeDB Complete: Time (s): cpu = 00:00:00 ; elapsed = 00:00:00.024 . Memory (MB): peak = 2217.898 ; gain = 0.000
INFO: [Common 17-1381] The checkpoint 'D:/Facultad/Arquitectura/tps/TP_Final/TP_Final.runs/synth_1/top_level.dcp' has been generated.
INFO: [Vivado 12-24828] Executing command : report_utilization -file top_level_utilization_synth.rpt -pb top_level_utilization_synth.pb
INFO: [Common 17-206] Exiting Vivado at Fri Jun 19 18:55:32 2026...
