Vivado Simulator v2025.2
Copyright 1986-2022 Xilinx, Inc. All Rights Reserved.
Copyright 2022-2025 Advanced Micro Devices, Inc. All Rights Reserved.
Running: D:/vivado/2025.2/Vivado/bin/unwrapped/win64.o/xelab.exe --incr --debug typical --relax --mt 2 -L xil_defaultlib -L unisims_ver -L unimacro_ver -L secureip --snapshot tb_debug_unit_behav xil_defaultlib.tb_debug_unit xil_defaultlib.glbl -log elaborate.log 
Using 2 slave threads.
Starting static elaboration
Pass Through NonSizing Optimizer
Completed static elaboration
Starting simulation data flow analysis
WARNING: [XSIM 43-4099] "D:/Facultad/Arquitectura/tps/TP_Final/TP_Final.srcs/sources_1/new/control_unit.v" Line 1. Module control_unit doesn't have a timescale but at least one module in design has a timescale.
WARNING: [XSIM 43-4099] "D:/Facultad/Arquitectura/tps/TP_Final/TP_Final.srcs/sources_1/new/alu_control.v" Line 1. Module alu_control doesn't have a timescale but at least one module in design has a timescale.
WARNING: [XSIM 43-4099] "D:/Facultad/Arquitectura/tps/TP_Final/TP_Final.srcs/sources_1/new/alu.v" Line 1. Module alu doesn't have a timescale but at least one module in design has a timescale.
WARNING: [XSIM 43-4099] "D:/Facultad/Arquitectura/tps/TP_Final/TP_Final.srcs/sources_1/new/data_memory.v" Line 1. Module data_memory_default doesn't have a timescale but at least one module in design has a timescale.
Completed simulation data flow analysis
Time Resolution for simulation is 1ps
Compiling module xil_defaultlib.program_counter
Compiling module xil_defaultlib.instruction_memory
Compiling module xil_defaultlib.if_stage
Compiling module xil_defaultlib.if_id_latch
Compiling module xil_defaultlib.reg_file
Compiling module xil_defaultlib.imm_gen
Compiling module xil_defaultlib.control_unit
Compiling module xil_defaultlib.id_stage
Compiling module xil_defaultlib.hazard_detection_unit
Compiling module xil_defaultlib.id_ex_latch
Compiling module xil_defaultlib.forwarding_unit
Compiling module xil_defaultlib.alu_control
Compiling module xil_defaultlib.alu
Compiling module xil_defaultlib.ex_stage
Compiling module xil_defaultlib.ex_mem_latch
Compiling module xil_defaultlib.data_memory_default
Compiling module xil_defaultlib.mem_stage
Compiling module xil_defaultlib.mem_wb_latch
Compiling module xil_defaultlib.wb_stage
Compiling module xil_defaultlib.riscv_pipeline_top
Compiling module xil_defaultlib.uart_rx(BAUD_RATE=5000000)
Compiling module xil_defaultlib.uart_tx(BAUD_RATE=5000000)
Compiling module xil_defaultlib.debug_unit(BAUD_RATE=5000000)
Compiling module xil_defaultlib.top_level(BAUD_RATE=5000000)
Compiling module xil_defaultlib.tb_debug_unit
Compiling module xil_defaultlib.glbl
Built simulation snapshot tb_debug_unit_behav
