INFO: [VRFC 10-2263] Analyzing Verilog file "D:/Facultad/Arquitectura/tps/TP_Final/TP_Final.srcs/sources_1/new/alu.v" into library xil_defaultlib
INFO: [VRFC 10-311] analyzing module alu
INFO: [VRFC 10-2263] Analyzing Verilog file "D:/Facultad/Arquitectura/tps/TP_Final/TP_Final.srcs/sources_1/new/alu_control.v" into library xil_defaultlib
INFO: [VRFC 10-311] analyzing module alu_control
INFO: [VRFC 10-2263] Analyzing Verilog file "D:/Facultad/Arquitectura/tps/TP_Final/TP_Final.srcs/sources_1/new/control_unit.v" into library xil_defaultlib
INFO: [VRFC 10-311] analyzing module control_unit
INFO: [VRFC 10-2263] Analyzing Verilog file "D:/Facultad/Arquitectura/tps/TP_Final/TP_Final.srcs/sources_1/new/data_memory.v" into library xil_defaultlib
INFO: [VRFC 10-311] analyzing module data_memory
INFO: [VRFC 10-2263] Analyzing Verilog file "D:/Facultad/Arquitectura/tps/TP_Final/TP_Final.srcs/sources_1/new/debug_unit.v" into library xil_defaultlib
INFO: [VRFC 10-311] analyzing module debug_unit
INFO: [VRFC 10-2263] Analyzing Verilog file "D:/Facultad/Arquitectura/tps/TP_Final/TP_Final.srcs/sources_1/new/ex_mem_latch.v" into library xil_defaultlib
INFO: [VRFC 10-311] analyzing module ex_mem_latch
INFO: [VRFC 10-2263] Analyzing Verilog file "D:/Facultad/Arquitectura/tps/TP_Final/TP_Final.srcs/sources_1/new/ex_stage.v" into library xil_defaultlib
INFO: [VRFC 10-311] analyzing module ex_stage
INFO: [VRFC 10-2263] Analyzing Verilog file "D:/Facultad/Arquitectura/tps/TP_Final/TP_Final.srcs/sources_1/new/forwarding_unit.v" into library xil_defaultlib
INFO: [VRFC 10-311] analyzing module forwarding_unit
INFO: [VRFC 10-2263] Analyzing Verilog file "D:/Facultad/Arquitectura/tps/TP_Final/TP_Final.srcs/sources_1/new/hazard_detection_unit.v" into library xil_defaultlib
INFO: [VRFC 10-311] analyzing module hazard_detection_unit
INFO: [VRFC 10-2263] Analyzing Verilog file "D:/Facultad/Arquitectura/tps/TP_Final/TP_Final.srcs/sources_1/new/id_ex_latch.v" into library xil_defaultlib
INFO: [VRFC 10-311] analyzing module id_ex_latch
INFO: [VRFC 10-2263] Analyzing Verilog file "D:/Facultad/Arquitectura/tps/TP_Final/TP_Final.srcs/sources_1/new/id_stage.v" into library xil_defaultlib
INFO: [VRFC 10-311] analyzing module id_stage
INFO: [VRFC 10-2263] Analyzing Verilog file "D:/Facultad/Arquitectura/tps/TP_Final/TP_Final.srcs/sources_1/new/if_id_latch.v" into library xil_defaultlib
INFO: [VRFC 10-311] analyzing module if_id_latch
INFO: [VRFC 10-2263] Analyzing Verilog file "D:/Facultad/Arquitectura/tps/TP_Final/TP_Final.srcs/sources_1/new/if_stage.v" into library xil_defaultlib
INFO: [VRFC 10-311] analyzing module if_stage
INFO: [VRFC 10-2263] Analyzing Verilog file "D:/Facultad/Arquitectura/tps/TP_Final/TP_Final.srcs/sources_1/new/imm_gen.v" into library xil_defaultlib
INFO: [VRFC 10-311] analyzing module imm_gen
INFO: [VRFC 10-2263] Analyzing Verilog file "D:/Facultad/Arquitectura/tps/TP_Final/TP_Final.srcs/sources_1/new/instruction_memory.v" into library xil_defaultlib
INFO: [VRFC 10-311] analyzing module instruction_memory
INFO: [VRFC 10-2263] Analyzing Verilog file "D:/Facultad/Arquitectura/tps/TP_Final/TP_Final.srcs/sources_1/new/mem_stage.v" into library xil_defaultlib
INFO: [VRFC 10-311] analyzing module mem_stage
INFO: [VRFC 10-2263] Analyzing Verilog file "D:/Facultad/Arquitectura/tps/TP_Final/TP_Final.srcs/sources_1/new/mem_wb_latch.v" into library xil_defaultlib
INFO: [VRFC 10-311] analyzing module mem_wb_latch
INFO: [VRFC 10-2263] Analyzing Verilog file "D:/Facultad/Arquitectura/tps/TP_Final/TP_Final.srcs/sources_1/new/programCounter.v" into library xil_defaultlib
INFO: [VRFC 10-311] analyzing module program_counter
INFO: [VRFC 10-2263] Analyzing Verilog file "D:/Facultad/Arquitectura/tps/TP_Final/TP_Final.srcs/sources_1/new/reg_file.v" into library xil_defaultlib
INFO: [VRFC 10-311] analyzing module reg_file
INFO: [VRFC 10-2263] Analyzing Verilog file "D:/Facultad/Arquitectura/tps/TP_Final/TP_Final.srcs/sources_1/new/riscv_pipeline_top.v" into library xil_defaultlib
INFO: [VRFC 10-311] analyzing module riscv_pipeline_top
INFO: [VRFC 10-2263] Analyzing Verilog file "D:/Facultad/Arquitectura/tps/TP_Final/TP_Final.srcs/sources_1/new/top_level.v" into library xil_defaultlib
INFO: [VRFC 10-311] analyzing module top_level
INFO: [VRFC 10-2263] Analyzing Verilog file "D:/Facultad/Arquitectura/tps/TP_Final/TP_Final.srcs/sources_1/new/uart_rx.v" into library xil_defaultlib
INFO: [VRFC 10-311] analyzing module uart_rx
INFO: [VRFC 10-2263] Analyzing Verilog file "D:/Facultad/Arquitectura/tps/TP_Final/TP_Final.srcs/sources_1/new/uart_tx.v" into library xil_defaultlib
INFO: [VRFC 10-311] analyzing module uart_tx
INFO: [VRFC 10-2263] Analyzing Verilog file "D:/Facultad/Arquitectura/tps/TP_Final/TP_Final.srcs/sources_1/new/wb_stage.v" into library xil_defaultlib
INFO: [VRFC 10-311] analyzing module wb_stage
INFO: [VRFC 10-2263] Analyzing Verilog file "D:/Facultad/Arquitectura/tps/TP_Final/TP_Final.srcs/sim_1/new/tb_debug_unit.v" into library xil_defaultlib
INFO: [VRFC 10-311] analyzing module tb_debug_unit
